[debug] [2024-08-30T14:16:23.642Z] ----------------------------------------------------------------------
[debug] [2024-08-30T14:16:23.646Z] Command:       C:\Program Files\nodejs\node.exe C:\Program Files\nodejs\node_modules\firebase-tools\lib\bin\firebase.js init
[debug] [2024-08-30T14:16:23.646Z] CLI Version:   13.16.0
[debug] [2024-08-30T14:16:23.646Z] Platform:      win32
[debug] [2024-08-30T14:16:23.646Z] Node Version:  v20.10.0
[debug] [2024-08-30T14:16:23.646Z] Time:          Fri Aug 30 2024 16:16:23 GMT+0200 (Central Africa Time)
[debug] [2024-08-30T14:16:23.647Z] ----------------------------------------------------------------------
[debug] 
[debug] [2024-08-30T14:16:23.655Z] > command requires scopes: ["email","openid","https://www.googleapis.com/auth/cloudplatformprojects.readonly","https://www.googleapis.com/auth/firebase","https://www.googleapis.com/auth/cloud-platform"]
[debug] [2024-08-30T14:16:23.655Z] > authorizing via signed-in user (divinemaina@gmail.com)
[info] 
     ######## #### ########  ######## ########     ###     ######  ########
     ##        ##  ##     ## ##       ##     ##  ##   ##  ##       ##
     ######    ##  ########  ######   ########  #########  ######  ######
     ##        ##  ##    ##  ##       ##     ## ##     ##       ## ##
     ##       #### ##     ## ######## ########  ##     ##  ######  ########

You're about to initialize a Firebase project in this directory:

  C:\Users\Divine\Desktop\angular\news\news-app

[info] 
=== Project Setup
[info] 
[info] First, let's associate this project directory with a Firebase project.
[info] You can create multiple project aliases by running firebase use --add, 
[info] but for now we'll just set up a default project.
[info] 
[debug] [2024-08-30T14:19:05.977Z] >>> [apiv2][query] GET https://firebase.googleapis.com/v1beta1/projects pageSize=100
[debug] [2024-08-30T14:19:07.214Z] <<< [apiv2][status] GET https://firebase.googleapis.com/v1beta1/projects 200
[debug] [2024-08-30T14:19:07.214Z] <<< [apiv2][body] GET https://firebase.googleapis.com/v1beta1/projects [omitted]
